<?xml version="1.0" encoding="UTF-8"?>
<!-- Generated by org.testng.reporters.JUnitReportReporter -->
<testsuite hostname="Ajaykumar" failures="0" tests="2" name="com.sdet.AppTest" time="0.029" errors="0" timestamp="01 Oct 2022 17:47:05 GMT" skipped="0">
  <testcase classname="com.sdet.AppTest" name="testLogin2" time="0.002"/>
  <testcase classname="com.sdet.AppTest" name="testLogin1" time="0.027"/>
</testsuite> <!-- com.sdet.AppTest -->
